<?xml version="1.0" encoding="UTF-8"?>
<!-- Generated by org.testng.reporters.JUnitXMLReporter -->
<testsuite ignored="0" hostname="DESKTOP-377NK29" failures="0" tests="2" name="Default test" time="20.051" errors="0" timestamp="2019-09-30T18:47:09 EAT">
  <testcase classname="autopractice.tests.userAuthentication.SignuppageTest" name="openAuthenticationPage" time="4.702"/>
  <testcase classname="autopractice.tests.userAuthentication.SignuppageTest" name="signupUsingValidUnregisteredEmail" time="0.002"/>
</testsuite> <!-- Default test -->
