<?xml version="1.0" encoding="UTF-8"?>
<!-- Generated by org.testng.reporters.JUnitXMLReporter -->
<testsuite ignored="0" hostname="DESKTOP-377NK29" failures="1" tests="3" name="LoginTest" time="53.318" errors="0" timestamp="2019-10-02T19:10:04 EAT">
  <testcase classname="autopractice.tests.userAuthentication.SignuppageTest" name="openAuthenticationPage" time="4.023"/>
  <testcase classname="autopractice.tests.userAuthentication.SignuppageTest" name="signupWithValidRegisteredEmailAddress" time="0.255"/>
  <testcase classname="autopractice.tests.userAuthentication.SignuppageTest" name="signupForm" time="33.153">
    <failure type="org.openqa.selenium.TimeoutException" message="Expected condition failed: waiting for visibility of [[ChromeDriver: chrome on XP (5cd02078fa5eb8b5f11636e85fec02dc)] -&amp;gt; id: days] (tried for 30 second(s) with 500 milliseconds interval)
Build info: version: &amp;apos;3.141.59&amp;apos;, revision: &amp;apos;e82be7d358&amp;apos;, time: &amp;apos;2018-11-14T08:17:03&amp;apos;
System info: host: &amp;apos;DESKTOP-377NK29&amp;apos;, ip: &amp;apos;192.168.5.149&amp;apos;, os.name: &amp;apos;Windows 10&amp;apos;, os.arch: &amp;apos;amd64&amp;apos;, os.version: &amp;apos;10.0&amp;apos;, java.version: &amp;apos;12.0.2&amp;apos;
Driver info: org.openqa.selenium.chrome.ChromeDriver
Capabilities {acceptInsecureCerts: false, browserName: chrome, browserVersion: 77.0.3865.90, chrome: {chromedriverVersion: 77.0.3865.40 (f484704e052e0..., userDataDir: C:\Users\ONCHAR~1\AppData\L...}, goog:chromeOptions: {debuggerAddress: localhost:51482}, javascriptEnabled: true, networkConnectionEnabled: false, pageLoadStrategy: normal, platform: XP, platformName: XP, proxy: Proxy(), setWindowRect: true, strictFileInteractability: false, timeouts: {implicit: 0, pageLoad: 300000, script: 30000}, unhandledPromptBehavior: dismiss and notify}
Session ID: 5cd02078fa5eb8b5f11636e85fec02dc">
      <![CDATA[org.openqa.selenium.TimeoutException: Expected condition failed: waiting for visibility of [[ChromeDriver: chrome on XP (5cd02078fa5eb8b5f11636e85fec02dc)] -> id: days] (tried for 30 second(s) with 500 milliseconds interval)
Build info: version: '3.141.59', revision: 'e82be7d358', time: '2018-11-14T08:17:03'
System info: host: 'DESKTOP-377NK29', ip: '192.168.5.149', os.name: 'Windows 10', os.arch: 'amd64', os.version: '10.0', java.version: '12.0.2'
Driver info: org.openqa.selenium.chrome.ChromeDriver
Capabilities {acceptInsecureCerts: false, browserName: chrome, browserVersion: 77.0.3865.90, chrome: {chromedriverVersion: 77.0.3865.40 (f484704e052e0..., userDataDir: C:\Users\ONCHAR~1\AppData\L...}, goog:chromeOptions: {debuggerAddress: localhost:51482}, javascriptEnabled: true, networkConnectionEnabled: false, pageLoadStrategy: normal, platform: XP, platformName: XP, proxy: Proxy(), setWindowRect: true, strictFileInteractability: false, timeouts: {implicit: 0, pageLoad: 300000, script: 30000}, unhandledPromptBehavior: dismiss and notify}
Session ID: 5cd02078fa5eb8b5f11636e85fec02dc
at org.openqa.selenium.support.ui.WebDriverWait.timeoutException(WebDriverWait.java:95)
at org.openqa.selenium.support.ui.FluentWait.until(FluentWait.java:272)
at autpractice.pages.SignupPage.isElementVisible(SignupPage.java:96)
at autpractice.pages.SignupPage.selectCustomerDateOfBirthDay(SignupPage.java:130)
at autpractice.pages.SignupPage.setCustomerDayOfBirthDay(SignupPage.java:214)
at autopractice.tests.userAuthentication.SignuppageTest.signupForm(SignuppageTest.java:33)
at java.base/java.util.ArrayList.forEach(ArrayList.java:1540)
... Removed 27 stack frames]]>
    </failure>
  </testcase> <!-- signupForm -->
</testsuite> <!-- LoginTest -->
